{"C:\\יהודית\\פרויקט וידיסלבסקי\\accounting_management\\backend\\models\\client.js": {"path":"C:\\יהודית\\פרויקט וידיסלבסקי\\accounting_management\\backend\\models\\client.js","statementMap":{"0":{"start":{"line":1,"column":17},"end":{"line":1,"column":36}},"1":{"start":{"line":3,"column":21},"end":{"line":8,"column":2}},"2":{"start":{"line":10,"column":0},"end":{"line":13,"column":1}},"3":{"start":{"line":11,"column":19},"end":{"line":11,"column":39}},"4":{"start":{"line":12,"column":4},"end":{"line":12,"column":30}},"5":{"start":{"line":15,"column":15},"end":{"line":15,"column":53}},"6":{"start":{"line":16,"column":0},"end":{"line":16,"column":23}}},"fnMap":{"0":{"name":"(anonymous_0)","decl":{"start":{"line":10,"column":36},"end":{"line":10,"column":37}},"loc":{"start":{"line":10,"column":62},"end":{"line":13,"column":1}},"line":10}},"branchMap":{},"s":{"0":1,"1":1,"2":1,"3":3,"4":3,"5":1,"6":1},"f":{"0":3},"b":{},"_coverageSchema":"1a1c01bbd47fc00a2c39e90264f33305004495a9","hash":"4ab60890baa7bb4437db60c82be1988feca7fcc2"}
,"C:\\יהודית\\פרויקט וידיסלבסקי\\accounting_management\\backend\\models\\db.js": {"path":"C:\\יהודית\\פרויקט וידיסלבסקי\\accounting_management\\backend\\models\\db.js","statementMap":{"0":{"start":{"line":1,"column":17},"end":{"line":1,"column":36}},"1":{"start":{"line":2,"column":0},"end":{"line":2,"column":27}},"2":{"start":{"line":6,"column":4},"end":{"line":10,"column":5}},"3":{"start":{"line":7,"column":8},"end":{"line":7,"column":56}},"4":{"start":{"line":9,"column":8},"end":{"line":9,"column":18}},"5":{"start":{"line":14,"column":4},"end":{"line":14,"column":32}},"6":{"start":{"line":17,"column":0},"end":{"line":17,"column":62}}},"fnMap":{"0":{"name":"connectToDatabase","decl":{"start":{"line":5,"column":15},"end":{"line":5,"column":32}},"loc":{"start":{"line":5,"column":35},"end":{"line":11,"column":1}},"line":5},"1":{"name":"disconnectFromDatabase","decl":{"start":{"line":13,"column":15},"end":{"line":13,"column":37}},"loc":{"start":{"line":13,"column":40},"end":{"line":15,"column":1}},"line":13}},"branchMap":{},"s":{"0":1,"1":1,"2":2,"3":2,"4":1,"5":1,"6":1},"f":{"0":2,"1":1},"b":{},"_coverageSchema":"1a1c01bbd47fc00a2c39e90264f33305004495a9","hash":"3efb33d18a3de6ae393418bd56904d377e9cbfe7"}
,"C:\\יהודית\\פרויקט וידיסלבסקי\\accounting_management\\backend\\models\\expenses.js": {"path":"C:\\יהודית\\פרויקט וידיסלבסקי\\accounting_management\\backend\\models\\expenses.js","statementMap":{"0":{"start":{"line":1,"column":17},"end":{"line":1,"column":36}},"1":{"start":{"line":3,"column":23},"end":{"line":9,"column":2}},"2":{"start":{"line":11,"column":0},"end":{"line":14,"column":1}},"3":{"start":{"line":12,"column":21},"end":{"line":12,"column":43}},"4":{"start":{"line":13,"column":4},"end":{"line":13,"column":32}},"5":{"start":{"line":18,"column":17},"end":{"line":18,"column":59}},"6":{"start":{"line":19,"column":0},"end":{"line":19,"column":26}}},"fnMap":{"0":{"name":"(anonymous_0)","decl":{"start":{"line":11,"column":40},"end":{"line":11,"column":41}},"loc":{"start":{"line":11,"column":70},"end":{"line":14,"column":1}},"line":11}},"branchMap":{},"s":{"0":1,"1":1,"2":1,"3":2,"4":2,"5":1,"6":1},"f":{"0":2},"b":{},"_coverageSchema":"1a1c01bbd47fc00a2c39e90264f33305004495a9","hash":"3b45b6e6bb57e275840fd99058e7a3fdff5a9da4"}
,"C:\\יהודית\\פרויקט וידיסלבסקי\\accounting_management\\backend\\models\\receipt.js": {"path":"C:\\יהודית\\פרויקט וידיסלבסקי\\accounting_management\\backend\\models\\receipt.js","statementMap":{"0":{"start":{"line":1,"column":17},"end":{"line":1,"column":36}},"1":{"start":{"line":2,"column":17},"end":{"line":2,"column":38}},"2":{"start":{"line":4,"column":22},"end":{"line":11,"column":2}},"3":{"start":{"line":14,"column":21},"end":{"line":14,"column":45}},"4":{"start":{"line":15,"column":4},"end":{"line":17,"column":5}},"5":{"start":{"line":16,"column":8},"end":{"line":16,"column":55}},"6":{"start":{"line":20,"column":0},"end":{"line":36,"column":2}},"7":{"start":{"line":22,"column":4},"end":{"line":22,"column":33}},"8":{"start":{"line":24,"column":21},"end":{"line":28,"column":5}},"9":{"start":{"line":30,"column":20},"end":{"line":33,"column":6}},"10":{"start":{"line":35,"column":4},"end":{"line":35,"column":32}},"11":{"start":{"line":39,"column":16},"end":{"line":39,"column":56}},"12":{"start":{"line":40,"column":0},"end":{"line":40,"column":25}}},"fnMap":{"0":{"name":"ensureSequenceExists","decl":{"start":{"line":13,"column":15},"end":{"line":13,"column":35}},"loc":{"start":{"line":13,"column":38},"end":{"line":18,"column":1}},"line":13},"1":{"name":"(anonymous_1)","decl":{"start":{"line":20,"column":38},"end":{"line":20,"column":39}},"loc":{"start":{"line":20,"column":66},"end":{"line":36,"column":1}},"line":20}},"branchMap":{"0":{"loc":{"start":{"line":15,"column":4},"end":{"line":17,"column":5}},"type":"if","locations":[{"start":{"line":15,"column":4},"end":{"line":17,"column":5}},{"start":{},"end":{}}],"line":15}},"s":{"0":1,"1":1,"2":1,"3":4,"4":4,"5":1,"6":1,"7":4,"8":4,"9":4,"10":4,"11":1,"12":1},"f":{"0":4,"1":4},"b":{"0":[1,3]},"_coverageSchema":"1a1c01bbd47fc00a2c39e90264f33305004495a9","hash":"3cb1bac3067d73e76e1ef5d2892907a7edf4176d"}
,"C:\\יהודית\\פרויקט וידיסלבסקי\\accounting_management\\backend\\models\\sequence.js": {"path":"C:\\יהודית\\פרויקט וידיסלבסקי\\accounting_management\\backend\\models\\sequence.js","statementMap":{"0":{"start":{"line":2,"column":17},"end":{"line":2,"column":36}},"1":{"start":{"line":4,"column":23},"end":{"line":6,"column":2}},"2":{"start":{"line":8,"column":17},"end":{"line":8,"column":59}},"3":{"start":{"line":9,"column":0},"end":{"line":9,"column":26}}},"fnMap":{},"branchMap":{},"s":{"0":1,"1":1,"2":1,"3":1},"f":{},"b":{},"_coverageSchema":"1a1c01bbd47fc00a2c39e90264f33305004495a9","hash":"517a1217721a237297a4b76a8edb4de49d5566ef"}
}
