TN:
SF:models\client.js
FN:10,(anonymous_0)
FNF:1
FNH:1
FNDA:3,(anonymous_0)
DA:1,1
DA:3,1
DA:10,1
DA:11,3
DA:12,3
DA:15,1
DA:16,1
LF:7
LH:7
BRF:0
BRH:0
end_of_record
TN:
SF:models\db.js
FN:5,connectToDatabase
FN:13,disconnectFromDatabase
FNF:2
FNH:2
FNDA:2,connectToDatabase
FNDA:1,disconnectFromDatabase
DA:1,1
DA:2,1
DA:6,2
DA:7,2
DA:9,1
DA:14,1
DA:17,1
LF:7
LH:7
BRF:0
BRH:0
end_of_record
TN:
SF:models\expenses.js
FN:11,(anonymous_0)
FNF:1
FNH:1
FNDA:2,(anonymous_0)
DA:1,1
DA:3,1
DA:11,1
DA:12,2
DA:13,2
DA:18,1
DA:19,1
LF:7
LH:7
BRF:0
BRH:0
end_of_record
TN:
SF:models\receipt.js
FN:13,ensureSequenceExists
FN:20,(anonymous_1)
FNF:2
FNH:2
FNDA:4,ensureSequenceExists
FNDA:4,(anonymous_1)
DA:1,1
DA:2,1
DA:4,1
DA:14,4
DA:15,4
DA:16,1
DA:20,1
DA:22,4
DA:24,4
DA:30,4
DA:35,4
DA:39,1
DA:40,1
LF:13
LH:13
BRDA:15,0,0,1
BRDA:15,0,1,3
BRF:2
BRH:2
end_of_record
TN:
SF:models\sequence.js
FNF:0
FNH:0
DA:2,1
DA:4,1
DA:8,1
DA:9,1
LF:4
LH:4
BRF:0
BRH:0
end_of_record
